<?xml version="1.0" encoding="UTF-8"?>
<testng-results ignored="0" total="1" passed="1" failed="0" skipped="0">
  <reporter-output>
  </reporter-output>
  <suite started-at="2019-08-30T13:39:42 IST" name="Suite" finished-at="2019-08-30T13:40:16 IST" duration-ms="34141">
    <groups>
    </groups>
    <test started-at="2019-08-30T13:39:42 IST" name="Test" finished-at="2019-08-30T13:40:16 IST" duration-ms="34141">
      <class name="webRegression.LoginRegression">
        <test-method is-config="true" signature="init()[pri:0, instance:webRegression.LoginRegression@3a44431a]" started-at="2019-08-30T13:39:42 IST" name="init" finished-at="2019-08-30T13:40:13 IST" duration-ms="31352" status="PASS">
          <reporter-output>
          </reporter-output>
        </test-method> <!-- init -->
        <test-method signature="flipkartLogin()[pri:0, instance:webRegression.LoginRegression@3a44431a]" started-at="2019-08-30T13:40:13 IST" name="flipkartLogin" description="Login to Flipkart" finished-at="2019-08-30T13:40:14 IST" duration-ms="562" status="PASS">
          <reporter-output>
          </reporter-output>
        </test-method> <!-- flipkartLogin -->
        <test-method is-config="true" signature="tearDown()[pri:0, instance:webRegression.LoginRegression@3a44431a]" started-at="2019-08-30T13:40:14 IST" name="tearDown" finished-at="2019-08-30T13:40:16 IST" duration-ms="2010" status="PASS">
          <reporter-output>
          </reporter-output>
        </test-method> <!-- tearDown -->
      </class> <!-- webRegression.LoginRegression -->
    </test> <!-- Test -->
  </suite> <!-- Suite -->
</testng-results>
